<?xml version="1.0" encoding="UTF-8"?>
<!-- Generated by org.testng.reporters.JUnitReportReporter -->
<testsuite hostname="DESKTOP-61ES4FM" failures="0" tests="5" name="all_test.ALLPROJECT" time="187.934" errors="0" timestamp="2022-11-18T06:47:46 EET" skipped="0">
  <testcase classname="all_test.ALLPROJECT" name="log" time="15.793"/>
  <system-out/>
  <testcase classname="all_test.ALLPROJECT" name="Register" time="47.929"/>
  <system-out/>
  <testcase classname="all_test.ALLPROJECT" name="LoginWithCapture" time="44.512"/>
  <system-out/>
  <testcase classname="all_test.ALLPROJECT" name="View" time="52.083"/>
  <system-out/>
  <testcase classname="all_test.ALLPROJECT" name="View_DATA" time="27.617"/>
  <system-out/>
</testsuite> <!-- all_test.ALLPROJECT -->
