<?xml version="1.0" encoding="UTF-8"?>
<!-- Generated by org.testng.reporters.JUnitReportReporter -->
<testsuite hostname="DESKTOP-61ES4FM" failures="0" tests="1" name="QA_Testing.Demo.Main" time="54.341" errors="0" timestamp="2022-11-18T06:31:35 EET" skipped="0">
  <testcase classname="QA_Testing.Demo.Main" name="Main_Function" time="54.341"/>
  <system-out/>
</testsuite> <!-- QA_Testing.Demo.Main -->
