<?xml version="1.0" encoding="UTF-8"?>
<!-- Generated by org.testng.reporters.JUnitReportReporter -->
<testsuite hostname="DESKTOP-61ES4FM" failures="0" tests="1" name="with_design_patterns.Login_test" time="7.869" errors="0" timestamp="2022-11-16T17:51:31 EET" skipped="0">
  <testcase classname="with_design_patterns.Login_test" name="validlog" time="7.869"/>
  <system-out/>
</testsuite> <!-- with_design_patterns.Login_test -->
